{"message":"Ijust save the art","level":"info"}
{"level":"error","message":"timestamp is not defined timestamp is not defined","stack":"ReferenceError: timestamp is not defined\n    at C:\\Users\\magda\\Desktop\\javascript\\pixelart\\server\\controllers\\artCtrl.js:23:17\n    at processTicksAndRejections (internal/process/task_queues.js:93:5)\n    at async C:\\Users\\magda\\Desktop\\javascript\\pixelart\\server\\middleware\\asyncMid.js:4:13"}
{"level":"error","message":"timestamp is not defined timestamp is not defined","stack":"ReferenceError: timestamp is not defined\n    at C:\\Users\\magda\\Desktop\\javascript\\pixelart\\server\\controllers\\artCtrl.js:23:17\n    at processTicksAndRejections (internal/process/task_queues.js:93:5)\n    at async C:\\Users\\magda\\Desktop\\javascript\\pixelart\\server\\middleware\\asyncMid.js:4:13"}
{"message":"Save art id: 5f2a8c864bed4906fcdf056c","level":"info"}
{"message":"Save art id: 5f2a8cc55866d5250ca02f16","level":"info"}
{"message":"Save art id: 5f2a8d8008870e2f98d4a415","level":"info"}
{
  message: 'Save art id: 5f2a8e8bc2882e32c452e8f3',
  level: 'info',
  timestamp: '2020-08-05T10:48:43.552Z'
}
{
  message: 'MongoDB connection error:',
  level: 'error',
  timestamp: '2020-08-05T10:55:45.667Z'
}
{
  message: 'MongoDB connection error',
  level: 'error',
  timestamp: '2020-08-05T10:56:13.964Z'
}
{
  message: 'MongoDB connection error',
  level: 'error',
  timestamp: '2020-08-05T10:56:43.885Z'
}
{
  message: 'Server running on port 9090',
  level: 'info',
  timestamp: '2020-08-05T10:57:08.777Z'
}
{
  message: 'Save art id: 5f2a909306ddb3230ce5d81e',
  level: 'info',
  timestamp: '2020-08-05T10:57:23.740Z'
}
